[1] [2020-05-09 22:20:51.504551] [0x00003906] [debug] log initialized
[2] [2020-05-09 22:20:51.505605] [0x00003906] [debug] number of processes: 3
[3] [2020-05-09 22:20:51.505641] [0x00003906] [info] loading configuration file: ../../config_thinkpad.json
[4] [2020-05-09 22:20:51.514084] [0x00003906] [debug] broadcasting: number of isochrones = 8
[5] [2020-05-09 22:20:51.514152] [0x00003906] [debug] number of isochrones sendt
[6] [2020-05-09 22:20:51.514171] [0x00003906] [debug] broadcasting: modelname = NewbySchwemmer
[7] [2020-05-09 22:20:51.514187] [0x00003906] [debug] modelname sendt
[8] [2020-05-09 22:20:51.514318] [0x00003906] [info] Isochrone with D: 0
[9] [2020-05-09 22:20:51.514362] [0x00003906] [debug] broadcasting: config, parameter set
[10] [2020-05-09 22:20:51.514386] [0x00003906] [debug] config, parameter set sendt
[11] [2020-05-09 22:20:51.514400] [0x00003906] [debug] broadcasting: bcast_config
[12] [2020-05-09 22:20:51.514463] [0x00003906] [debug] bcast_config sendt
[13] [2020-05-09 22:20:51.514488] [0x00003906] [debug] broadcast: serialized isochrone and initial position coordinates
[14] [2020-05-09 22:20:51.514517] [0x00003906] [debug] serialized coordinate information sendt
[15] [2020-05-09 22:20:51.514538] [0x00003906] [info] start SIMULATION for this isochrone
[16] [2020-05-09 22:20:52.111534] [0x00003906] [info] SIMULATION finished
[17] [2020-05-09 22:20:52.111615] [0x00003906] [info] Isochrone with D: 0.1
[18] [2020-05-09 22:20:52.111654] [0x00003906] [debug] broadcasting: config, parameter set
[19] [2020-05-09 22:20:52.111675] [0x00003906] [debug] config, parameter set sendt
[20] [2020-05-09 22:20:52.111689] [0x00003906] [debug] broadcasting: bcast_config
[21] [2020-05-09 22:20:52.111705] [0x00003906] [debug] bcast_config sendt
[22] [2020-05-09 22:20:52.111725] [0x00003906] [debug] broadcast: serialized isochrone and initial position coordinates
[23] [2020-05-09 22:20:52.111748] [0x00003906] [debug] serialized coordinate information sendt
[24] [2020-05-09 22:20:52.111772] [0x00003906] [info] start SIMULATION for this isochrone
[25] [2020-05-09 22:20:52.878279] [0x00003906] [info] SIMULATION finished
[26] [2020-05-09 22:20:52.878349] [0x00003906] [info] Isochrone with D: 0.2
[27] [2020-05-09 22:20:52.878387] [0x00003906] [debug] broadcasting: config, parameter set
[28] [2020-05-09 22:20:52.878410] [0x00003906] [debug] config, parameter set sendt
[29] [2020-05-09 22:20:52.878424] [0x00003906] [debug] broadcasting: bcast_config
[30] [2020-05-09 22:20:52.878439] [0x00003906] [debug] bcast_config sendt
[31] [2020-05-09 22:20:52.878458] [0x00003906] [debug] broadcast: serialized isochrone and initial position coordinates
[32] [2020-05-09 22:20:52.878484] [0x00003906] [debug] serialized coordinate information sendt
[33] [2020-05-09 22:20:52.878499] [0x00003906] [info] start SIMULATION for this isochrone
[34] [2020-05-09 22:20:53.525605] [0x00003906] [info] SIMULATION finished
[35] [2020-05-09 22:20:53.525674] [0x00003906] [info] Isochrone with D: 0.5
[36] [2020-05-09 22:20:53.525711] [0x00003906] [debug] broadcasting: config, parameter set
[37] [2020-05-09 22:20:53.525732] [0x00003906] [debug] config, parameter set sendt
[38] [2020-05-09 22:20:53.525745] [0x00003906] [debug] broadcasting: bcast_config
[39] [2020-05-09 22:20:53.525762] [0x00003906] [debug] bcast_config sendt
[40] [2020-05-09 22:20:53.525781] [0x00003906] [debug] broadcast: serialized isochrone and initial position coordinates
[41] [2020-05-09 22:20:53.525801] [0x00003906] [debug] serialized coordinate information sendt
[42] [2020-05-09 22:20:53.525816] [0x00003906] [info] start SIMULATION for this isochrone
[43] [2020-05-09 22:20:54.108629] [0x00003906] [info] SIMULATION finished
[44] [2020-05-09 22:20:54.108698] [0x00003906] [info] Isochrone with D: 1
[45] [2020-05-09 22:20:54.108734] [0x00003906] [debug] broadcasting: config, parameter set
[46] [2020-05-09 22:20:54.108756] [0x00003906] [debug] config, parameter set sendt
[47] [2020-05-09 22:20:54.108769] [0x00003906] [debug] broadcasting: bcast_config
[48] [2020-05-09 22:20:54.108785] [0x00003906] [debug] bcast_config sendt
[49] [2020-05-09 22:20:54.108805] [0x00003906] [debug] broadcast: serialized isochrone and initial position coordinates
[50] [2020-05-09 22:20:54.108827] [0x00003906] [debug] serialized coordinate information sendt
[51] [2020-05-09 22:20:54.108842] [0x00003906] [info] start SIMULATION for this isochrone
[52] [2020-05-09 22:20:54.683229] [0x00003906] [info] SIMULATION finished
[53] [2020-05-09 22:20:54.683297] [0x00003906] [info] Isochrone with D: 10
[54] [2020-05-09 22:20:54.683336] [0x00003906] [debug] broadcasting: config, parameter set
[55] [2020-05-09 22:20:54.683356] [0x00003906] [debug] config, parameter set sendt
[56] [2020-05-09 22:20:54.683370] [0x00003906] [debug] broadcasting: bcast_config
[57] [2020-05-09 22:20:54.683386] [0x00003906] [debug] bcast_config sendt
[58] [2020-05-09 22:20:54.683405] [0x00003906] [debug] broadcast: serialized isochrone and initial position coordinates
[59] [2020-05-09 22:20:54.683425] [0x00003906] [debug] serialized coordinate information sendt
[60] [2020-05-09 22:20:54.683441] [0x00003906] [info] start SIMULATION for this isochrone
[61] [2020-05-09 22:20:55.262961] [0x00003906] [info] SIMULATION finished
[62] [2020-05-09 22:20:55.263028] [0x00003906] [info] Isochrone with D: 100
[63] [2020-05-09 22:20:55.263067] [0x00003906] [debug] broadcasting: config, parameter set
[64] [2020-05-09 22:20:55.263087] [0x00003906] [debug] config, parameter set sendt
[65] [2020-05-09 22:20:55.263101] [0x00003906] [debug] broadcasting: bcast_config
[66] [2020-05-09 22:20:55.263117] [0x00003906] [debug] bcast_config sendt
[67] [2020-05-09 22:20:55.263137] [0x00003906] [debug] broadcast: serialized isochrone and initial position coordinates
[68] [2020-05-09 22:20:55.263158] [0x00003906] [debug] serialized coordinate information sendt
[69] [2020-05-09 22:20:55.263173] [0x00003906] [info] start SIMULATION for this isochrone
[70] [2020-05-09 22:20:55.846047] [0x00003906] [info] SIMULATION finished
[71] [2020-05-09 22:20:55.846116] [0x00003906] [info] Isochrone with D: 0.5
[72] [2020-05-09 22:20:55.846153] [0x00003906] [debug] broadcasting: config, parameter set
[73] [2020-05-09 22:20:55.846173] [0x00003906] [debug] config, parameter set sendt
[74] [2020-05-09 22:20:55.846199] [0x00003906] [debug] broadcasting: bcast_config
[75] [2020-05-09 22:20:55.846217] [0x00003906] [debug] bcast_config sendt
[76] [2020-05-09 22:20:55.846236] [0x00003906] [debug] broadcast: serialized isochrone and initial position coordinates
[77] [2020-05-09 22:20:55.846256] [0x00003906] [debug] serialized coordinate information sendt
[78] [2020-05-09 22:20:55.846271] [0x00003906] [info] start SIMULATION for this isochrone
[79] [2020-05-09 22:20:56.425598] [0x00003906] [info] SIMULATION finished
[80] [2020-05-09 22:20:56.425644] [0x00003906] [info] write RESULTS to: "../../../../SimData/MFPTs/NewbySchwemmerAntirotating.h5"
[81] [2020-05-09 22:20:56.430490] [0x00003906] [debug] RESULTS written to file
