Performing C SOURCE FILE Test CMAKE_HAVE_LIBC_PTHREAD failed with the following output:
Change Dir: /home/konstantin/Documents/Uni/Master/Masterarbeit/simulations/stochasticphase/newbyschwemmer/cmake-build-debug/CMakeFiles/CMakeTmp

Run Build Command(s):/usr/bin/make cmTC_141b1/fast && /usr/bin/make -f CMakeFiles/cmTC_141b1.dir/build.make CMakeFiles/cmTC_141b1.dir/build
make[1]: Entering directory '/home/konstantin/Documents/Uni/Master/Masterarbeit/simulations/stochasticphase/newbyschwemmer/cmake-build-debug/CMakeFiles/CMakeTmp'
Building C object CMakeFiles/cmTC_141b1.dir/src.c.o
/usr/bin/cc   -DCMAKE_HAVE_LIBC_PTHREAD   -o CMakeFiles/cmTC_141b1.dir/src.c.o   -c /home/konstantin/Documents/Uni/Master/Masterarbeit/simulations/stochasticphase/newbyschwemmer/cmake-build-debug/CMakeFiles/CMakeTmp/src.c
Linking C executable cmTC_141b1
/opt/clion/bin/cmake/linux/bin/cmake -E cmake_link_script CMakeFiles/cmTC_141b1.dir/link.txt --verbose=1
/usr/bin/cc  -DCMAKE_HAVE_LIBC_PTHREAD    CMakeFiles/cmTC_141b1.dir/src.c.o  -o cmTC_141b1 
/usr/bin/ld: CMakeFiles/cmTC_141b1.dir/src.c.o: in function `main':
src.c:(.text+0x3e): undefined reference to `pthread_create'
/usr/bin/ld: src.c:(.text+0x4a): undefined reference to `pthread_detach'
/usr/bin/ld: src.c:(.text+0x5b): undefined reference to `pthread_join'
collect2: error: ld returned 1 exit status
make[1]: *** [CMakeFiles/cmTC_141b1.dir/build.make:87: cmTC_141b1] Error 1
make[1]: Leaving directory '/home/konstantin/Documents/Uni/Master/Masterarbeit/simulations/stochasticphase/newbyschwemmer/cmake-build-debug/CMakeFiles/CMakeTmp'
make: *** [Makefile:121: cmTC_141b1/fast] Error 2


Source file was:
#include <pthread.h>

void* test_func(void* data)
{
  return data;
}

int main(void)
{
  pthread_t thread;
  pthread_create(&thread, NULL, test_func, NULL);
  pthread_detach(thread);
  pthread_join(thread, NULL);
  pthread_atfork(NULL, NULL, NULL);
  pthread_exit(NULL);

  return 0;
}

Determining if the function pthread_create exists in the pthreads failed with the following output:
Change Dir: /home/konstantin/Documents/Uni/Master/Masterarbeit/simulations/stochasticphase/newbyschwemmer/cmake-build-debug/CMakeFiles/CMakeTmp

Run Build Command(s):/usr/bin/make cmTC_f3248/fast && /usr/bin/make -f CMakeFiles/cmTC_f3248.dir/build.make CMakeFiles/cmTC_f3248.dir/build
make[1]: Entering directory '/home/konstantin/Documents/Uni/Master/Masterarbeit/simulations/stochasticphase/newbyschwemmer/cmake-build-debug/CMakeFiles/CMakeTmp'
Building C object CMakeFiles/cmTC_f3248.dir/CheckFunctionExists.c.o
/usr/bin/cc   -DCHECK_FUNCTION_EXISTS=pthread_create   -o CMakeFiles/cmTC_f3248.dir/CheckFunctionExists.c.o   -c /opt/clion/bin/cmake/linux/share/cmake-3.16/Modules/CheckFunctionExists.c
Linking C executable cmTC_f3248
/opt/clion/bin/cmake/linux/bin/cmake -E cmake_link_script CMakeFiles/cmTC_f3248.dir/link.txt --verbose=1
/usr/bin/cc  -DCHECK_FUNCTION_EXISTS=pthread_create    CMakeFiles/cmTC_f3248.dir/CheckFunctionExists.c.o  -o cmTC_f3248  -lpthreads 
/usr/bin/ld: cannot find -lpthreads
collect2: error: ld returned 1 exit status
make[1]: *** [CMakeFiles/cmTC_f3248.dir/build.make:87: cmTC_f3248] Error 1
make[1]: Leaving directory '/home/konstantin/Documents/Uni/Master/Masterarbeit/simulations/stochasticphase/newbyschwemmer/cmake-build-debug/CMakeFiles/CMakeTmp'
make: *** [Makefile:121: cmTC_f3248/fast] Error 2



