Performing C SOURCE FILE Test CMAKE_HAVE_LIBC_PTHREAD failed with the following output:
Change Dir: /home/konstantin/Documents/Uni/Master/Masterarbeit/simulations/stochasticphase/MRTPhaseSimulation/cmake-build-debug/CMakeFiles/CMakeTmp

Run Build Command(s):/usr/bin/make cmTC_5a4eb/fast && /usr/bin/make -f CMakeFiles/cmTC_5a4eb.dir/build.make CMakeFiles/cmTC_5a4eb.dir/build
make[1]: Entering directory '/home/konstantin/Documents/Uni/Master/Masterarbeit/simulations/stochasticphase/MRTPhaseSimulation/cmake-build-debug/CMakeFiles/CMakeTmp'
Building C object CMakeFiles/cmTC_5a4eb.dir/src.c.o
/usr/bin/cc   -DCMAKE_HAVE_LIBC_PTHREAD   -o CMakeFiles/cmTC_5a4eb.dir/src.c.o   -c /home/konstantin/Documents/Uni/Master/Masterarbeit/simulations/stochasticphase/MRTPhaseSimulation/cmake-build-debug/CMakeFiles/CMakeTmp/src.c
Linking C executable cmTC_5a4eb
/opt/clion/bin/cmake/linux/bin/cmake -E cmake_link_script CMakeFiles/cmTC_5a4eb.dir/link.txt --verbose=1
/usr/bin/cc  -DCMAKE_HAVE_LIBC_PTHREAD    CMakeFiles/cmTC_5a4eb.dir/src.c.o  -o cmTC_5a4eb 
/usr/bin/ld: CMakeFiles/cmTC_5a4eb.dir/src.c.o: in function `main':
src.c:(.text+0x3e): undefined reference to `pthread_create'
/usr/bin/ld: src.c:(.text+0x4a): undefined reference to `pthread_detach'
/usr/bin/ld: src.c:(.text+0x5b): undefined reference to `pthread_join'
collect2: error: ld returned 1 exit status
make[1]: *** [CMakeFiles/cmTC_5a4eb.dir/build.make:87: cmTC_5a4eb] Error 1
make[1]: Leaving directory '/home/konstantin/Documents/Uni/Master/Masterarbeit/simulations/stochasticphase/MRTPhaseSimulation/cmake-build-debug/CMakeFiles/CMakeTmp'
make: *** [Makefile:121: cmTC_5a4eb/fast] Error 2


Source file was:
#include <pthread.h>

void* test_func(void* data)
{
  return data;
}

int main(void)
{
  pthread_t thread;
  pthread_create(&thread, NULL, test_func, NULL);
  pthread_detach(thread);
  pthread_join(thread, NULL);
  pthread_atfork(NULL, NULL, NULL);
  pthread_exit(NULL);

  return 0;
}

Determining if the function pthread_create exists in the pthreads failed with the following output:
Change Dir: /home/konstantin/Documents/Uni/Master/Masterarbeit/simulations/stochasticphase/MRTPhaseSimulation/cmake-build-debug/CMakeFiles/CMakeTmp

Run Build Command(s):/usr/bin/make cmTC_d6ff6/fast && /usr/bin/make -f CMakeFiles/cmTC_d6ff6.dir/build.make CMakeFiles/cmTC_d6ff6.dir/build
make[1]: Entering directory '/home/konstantin/Documents/Uni/Master/Masterarbeit/simulations/stochasticphase/MRTPhaseSimulation/cmake-build-debug/CMakeFiles/CMakeTmp'
Building C object CMakeFiles/cmTC_d6ff6.dir/CheckFunctionExists.c.o
/usr/bin/cc   -DCHECK_FUNCTION_EXISTS=pthread_create   -o CMakeFiles/cmTC_d6ff6.dir/CheckFunctionExists.c.o   -c /opt/clion/bin/cmake/linux/share/cmake-3.16/Modules/CheckFunctionExists.c
Linking C executable cmTC_d6ff6
/opt/clion/bin/cmake/linux/bin/cmake -E cmake_link_script CMakeFiles/cmTC_d6ff6.dir/link.txt --verbose=1
/usr/bin/cc  -DCHECK_FUNCTION_EXISTS=pthread_create    CMakeFiles/cmTC_d6ff6.dir/CheckFunctionExists.c.o  -o cmTC_d6ff6  -lpthreads 
/usr/bin/ld: cannot find -lpthreads
collect2: error: ld returned 1 exit status
make[1]: *** [CMakeFiles/cmTC_d6ff6.dir/build.make:87: cmTC_d6ff6] Error 1
make[1]: Leaving directory '/home/konstantin/Documents/Uni/Master/Masterarbeit/simulations/stochasticphase/MRTPhaseSimulation/cmake-build-debug/CMakeFiles/CMakeTmp'
make: *** [Makefile:121: cmTC_d6ff6/fast] Error 2



Performing C SOURCE FILE Test CMAKE_HAVE_LIBC_PTHREAD failed with the following output:
Change Dir: /home/konstantin/Documents/Uni/Master/Masterarbeit/simulations/stochasticphase/MRTPhaseSimulation/cmake-build-debug/CMakeFiles/CMakeTmp

Run Build Command(s):/usr/bin/make cmTC_937ba/fast && /usr/bin/make -f CMakeFiles/cmTC_937ba.dir/build.make CMakeFiles/cmTC_937ba.dir/build
make[1]: Entering directory '/home/konstantin/Documents/Uni/Master/Masterarbeit/simulations/stochasticphase/MRTPhaseSimulation/cmake-build-debug/CMakeFiles/CMakeTmp'
Building C object CMakeFiles/cmTC_937ba.dir/src.c.o
/usr/bin/cc   -DCMAKE_HAVE_LIBC_PTHREAD   -o CMakeFiles/cmTC_937ba.dir/src.c.o   -c /home/konstantin/Documents/Uni/Master/Masterarbeit/simulations/stochasticphase/MRTPhaseSimulation/cmake-build-debug/CMakeFiles/CMakeTmp/src.c
Linking C executable cmTC_937ba
/opt/clion/bin/cmake/linux/bin/cmake -E cmake_link_script CMakeFiles/cmTC_937ba.dir/link.txt --verbose=1
/usr/bin/cc  -DCMAKE_HAVE_LIBC_PTHREAD    CMakeFiles/cmTC_937ba.dir/src.c.o  -o cmTC_937ba 
/usr/bin/ld: CMakeFiles/cmTC_937ba.dir/src.c.o: in function `main':
src.c:(.text+0x3e): undefined reference to `pthread_create'
/usr/bin/ld: src.c:(.text+0x4a): undefined reference to `pthread_detach'
/usr/bin/ld: src.c:(.text+0x5b): undefined reference to `pthread_join'
collect2: error: ld returned 1 exit status
make[1]: *** [CMakeFiles/cmTC_937ba.dir/build.make:87: cmTC_937ba] Error 1
make[1]: Leaving directory '/home/konstantin/Documents/Uni/Master/Masterarbeit/simulations/stochasticphase/MRTPhaseSimulation/cmake-build-debug/CMakeFiles/CMakeTmp'
make: *** [Makefile:121: cmTC_937ba/fast] Error 2


Source file was:
#include <pthread.h>

void* test_func(void* data)
{
  return data;
}

int main(void)
{
  pthread_t thread;
  pthread_create(&thread, NULL, test_func, NULL);
  pthread_detach(thread);
  pthread_join(thread, NULL);
  pthread_atfork(NULL, NULL, NULL);
  pthread_exit(NULL);

  return 0;
}

Determining if the function pthread_create exists in the pthreads failed with the following output:
Change Dir: /home/konstantin/Documents/Uni/Master/Masterarbeit/simulations/stochasticphase/MRTPhaseSimulation/cmake-build-debug/CMakeFiles/CMakeTmp

Run Build Command(s):/usr/bin/make cmTC_268d2/fast && /usr/bin/make -f CMakeFiles/cmTC_268d2.dir/build.make CMakeFiles/cmTC_268d2.dir/build
make[1]: Entering directory '/home/konstantin/Documents/Uni/Master/Masterarbeit/simulations/stochasticphase/MRTPhaseSimulation/cmake-build-debug/CMakeFiles/CMakeTmp'
Building C object CMakeFiles/cmTC_268d2.dir/CheckFunctionExists.c.o
/usr/bin/cc   -DCHECK_FUNCTION_EXISTS=pthread_create   -o CMakeFiles/cmTC_268d2.dir/CheckFunctionExists.c.o   -c /opt/clion/bin/cmake/linux/share/cmake-3.16/Modules/CheckFunctionExists.c
Linking C executable cmTC_268d2
/opt/clion/bin/cmake/linux/bin/cmake -E cmake_link_script CMakeFiles/cmTC_268d2.dir/link.txt --verbose=1
/usr/bin/cc  -DCHECK_FUNCTION_EXISTS=pthread_create    CMakeFiles/cmTC_268d2.dir/CheckFunctionExists.c.o  -o cmTC_268d2  -lpthreads 
/usr/bin/ld: cannot find -lpthreads
collect2: error: ld returned 1 exit status
make[1]: *** [CMakeFiles/cmTC_268d2.dir/build.make:87: cmTC_268d2] Error 1
make[1]: Leaving directory '/home/konstantin/Documents/Uni/Master/Masterarbeit/simulations/stochasticphase/MRTPhaseSimulation/cmake-build-debug/CMakeFiles/CMakeTmp'
make: *** [Makefile:121: cmTC_268d2/fast] Error 2



